"../../../../../../Users/Soulstep/Documents/GitHub/Meltdown/Content/Art/Materials/M_EmissiveMaster.uasset" 0
"../../../../../../Users/Soulstep/Documents/GitHub/Meltdown/Content/Art/Materials/Keypad/M_KeypadLight_Locked.uasset" 1
"../../../../../../Users/Soulstep/Documents/GitHub/Meltdown/Content/Art/Materials/Keypad/M_KeypadLight_Unlocked.uasset" 2
"../../../../../../Users/Soulstep/Documents/GitHub/Meltdown/Content/Art/Static_Meshes/KeyPad/SM_Keypad.uasset" 3
"../../../../../../Users/Soulstep/Documents/GitHub/Meltdown/Content/Art/Static_Meshes/KeyPad/SM_KeypadLight.uasset" 4
"../../../../../../Users/Soulstep/Documents/GitHub/Meltdown/Content/Art/Blueprint/BP_KeyPad.uasset" 5
"../../../../../../Users/Soulstep/Documents/GitHub/Meltdown/Content/Art/Characters/NPCs/07_-_Default.uasset" 6
"../../../../../../Users/Soulstep/Documents/GitHub/Meltdown/Content/Art/Characters/NPCs/Material__47.uasset" 7
"../../../../../../Users/Soulstep/Documents/GitHub/Meltdown/Content/Art/Characters/NPCs/Material__48.uasset" 8
"../../../../../../Users/Soulstep/Documents/GitHub/Meltdown/Content/Art/Characters/Player/Material__47.uasset" 9
"../../../../../../Users/Soulstep/Documents/GitHub/Meltdown/Content/Art/IES/AreaLight.uasset" 10
"../../../../../../Users/Soulstep/Documents/GitHub/Meltdown/Content/Art/IES/Bollard.uasset" 11
"../../../../../../Users/Soulstep/Documents/GitHub/Meltdown/Content/Art/IES/Comet.uasset" 12
"../../../../../../Users/Soulstep/Documents/GitHub/Meltdown/Content/Art/IES/CylinderNarrow.uasset" 13
"../../../../../../Users/Soulstep/Documents/GitHub/Meltdown/Content/Art/IES/CylinderWide.uasset" 14
"../../../../../../Users/Soulstep/Documents/GitHub/Meltdown/Content/Art/IES/Defined.uasset" 15
"../../../../../../Users/Soulstep/Documents/GitHub/Meltdown/Content/Art/IES/DefinedDiffuse.uasset" 16
"../../../../../../Users/Soulstep/Documents/GitHub/Meltdown/Content/Art/IES/DefinedDiffuseSpot.uasset" 17
"../../../../../../Users/Soulstep/Documents/GitHub/Meltdown/Content/Art/IES/Display.uasset" 18
"../../../../../../Users/Soulstep/Documents/GitHub/Meltdown/Content/Art/IES/JellyFish.uasset" 19
"../../../../../../Users/Soulstep/Documents/GitHub/Meltdown/Content/Art/IES/MediumScatter.uasset" 20
"../../../../../../Users/Soulstep/Documents/GitHub/Meltdown/Content/Art/IES/Overhead.uasset" 21
"../../../../../../Users/Soulstep/Documents/GitHub/Meltdown/Content/Art/IES/ParallelBeam.uasset" 22
"../../../../../../Users/Soulstep/Documents/GitHub/Meltdown/Content/Art/IES/Pear.uasset" 23
"../../../../../../Users/Soulstep/Documents/GitHub/Meltdown/Content/Art/IES/Round.uasset" 24
"../../../../../../Users/Soulstep/Documents/GitHub/Meltdown/Content/Art/IES/ScatterLight.uasset" 25
"../../../../../../Users/Soulstep/Documents/GitHub/Meltdown/Content/Art/IES/SoftArrow.uasset" 26
"../../../../../../Users/Soulstep/Documents/GitHub/Meltdown/Content/Art/IES/SoftDisplay.uasset" 27
"../../../../../../Users/Soulstep/Documents/GitHub/Meltdown/Content/Art/IES/ThreeLobeUmbrella.uasset" 28
"../../../../../../Users/Soulstep/Documents/GitHub/Meltdown/Content/Art/IES/ThreeLobeVee.uasset" 29
"../../../../../../Users/Soulstep/Documents/GitHub/Meltdown/Content/Art/IES/TightFocused.uasset" 30
"../../../../../../Users/Soulstep/Documents/GitHub/Meltdown/Content/Art/IES/TopPost.uasset" 31
"../../../../../../Users/Soulstep/Documents/GitHub/Meltdown/Content/Art/IES/Trapezoid_.uasset" 32
"../../../../../../Users/Soulstep/Documents/GitHub/Meltdown/Content/Art/IES/Umbrella.uasset" 33
"../../../../../../Users/Soulstep/Documents/GitHub/Meltdown/Content/Art/IES/XArrow.uasset" 34
"../../../../../../Users/Soulstep/Documents/GitHub/Meltdown/Content/Art/IES/XArrowDiffuse.uasset" 35
"../../../../../../Users/Soulstep/Documents/GitHub/Meltdown/Content/Art/IES/XArrowSoft.uasset" 36
"../../../Engine/Content/Functions/Engine_MaterialFunctions02/Utility/BlendAngleCorrectedNormals.uasset" 37
"../../../Engine/Content/EngineMaterials/BlendFunc_DefBase.uasset" 38
"../../../Engine/Content/EngineMaterials/BlendFunc_DefBlend.uasset" 39
"../../../Engine/Content/Functions/Engine_MaterialFunctions03/Blends/Blend_Overlay.uasset" 40
"../../../../../../Users/Soulstep/Documents/GitHub/Meltdown/Content/Art/Materials/Textures/Placeholder/T_MaskPlaceholder.uasset" 41
"../../../../../../Users/Soulstep/Documents/GitHub/Meltdown/Content/Art/Materials/Textures/Placeholder/T_MergeMapPlaceholder.uasset" 42
"../../../../../../Users/Soulstep/Documents/GitHub/Meltdown/Content/Art/Materials/Textures/Placeholder/T_NormalPlaceholder.uasset" 43
"../../../../../../Users/Soulstep/Documents/GitHub/Meltdown/Content/Art/Materials/M_MasterMaterial_PBR.uasset" 44
"../../../../../../Users/Soulstep/Documents/GitHub/Meltdown/Content/Art/Materials/Textures/FloorTiles/T_FloorTiles_basecolor.uasset" 45
"../../../../../../Users/Soulstep/Documents/GitHub/Meltdown/Content/Art/Materials/Textures/FloorTiles/T_FloorTiles_Detail_Normal.uasset" 46
"../../../../../../Users/Soulstep/Documents/GitHub/Meltdown/Content/Art/Materials/Textures/FloorTiles/T_FloorTiles_Detail_Roughness.uasset" 47
"../../../../../../Users/Soulstep/Documents/GitHub/Meltdown/Content/Art/Materials/Textures/FloorTiles/T_FloorTiles_Mask.uasset" 48
"../../../../../../Users/Soulstep/Documents/GitHub/Meltdown/Content/Art/Materials/Textures/FloorTiles/T_FloorTiles_MergeMap.uasset" 49
"../../../../../../Users/Soulstep/Documents/GitHub/Meltdown/Content/Art/Materials/Textures/FloorTiles/T_FloorTiles_normal.uasset" 50
"../../../../../../Users/Soulstep/Documents/GitHub/Meltdown/Content/Art/Materials/M_FloorTiles.uasset" 51
"../../../../../../Users/Soulstep/Documents/GitHub/Meltdown/Content/Art/Materials/M_MasterMaterial_PBR_Masked.uasset" 52
"../../../../../../Users/Soulstep/Documents/GitHub/Meltdown/Content/Art/Materials/M_MasterMaterial_ShatteredGlass.uasset" 53
"../../../../../../Users/Soulstep/Documents/GitHub/Meltdown/Content/Art/Materials/Doors/M_DoorWood.uasset" 54
"../../../Engine/Content/Functions/Engine_MaterialFunctions02/Utility/MakeFloat3.uasset" 55
"../../../../../../Users/Soulstep/Documents/GitHub/Meltdown/Content/Art/Materials/Textures/Water/T_LargeRipples.uasset" 56
"../../../../../../Users/Soulstep/Documents/GitHub/Meltdown/Content/Art/Materials/Textures/Water/T_SmallRipples.uasset" 57
"../../../../../../Users/Soulstep/Documents/GitHub/Meltdown/Content/Art/Materials/ImportedPuddle/M_YamaloPuddleSurface.uasset" 58
"../../../../../../Users/Soulstep/Documents/GitHub/Meltdown/Content/Art/Materials/ImportedPuddle/Masks/Puddlemap1.uasset" 59
"../../../../../../Users/Soulstep/Documents/GitHub/Meltdown/Content/Sounds/PM_Wet.uasset" 60
"../../../../../../Users/Soulstep/Documents/GitHub/Meltdown/Content/Art/Materials/ImportedPuddle/M_YamaloPuddleSurface_Inst.uasset" 61
"../../../../../../Users/Soulstep/Documents/GitHub/Meltdown/Content/Art/Materials/ImportedPuddle/M_YamaloPuddle.uasset" 62
"../../../../../../Users/Soulstep/Documents/GitHub/Meltdown/Content/Art/Materials/ImportedPuddle/Masks/Puddlemap4.uasset" 63
"../../../../../../Users/Soulstep/Documents/GitHub/Meltdown/Content/Art/Materials/ImportedPuddle/M_YamaloPuddle_Inst4.uasset" 64
"../../../../../../Users/Soulstep/Documents/GitHub/Meltdown/Content/Art/Materials/Textures/FloorTiles/T_FloorTiles_height.uasset" 65
"../../../../../../Users/Soulstep/Documents/GitHub/Meltdown/Content/Art/Materials/Textures/Grates/T_FloorGrates_Mask.uasset" 66
"../../../../../../Users/Soulstep/Documents/GitHub/Meltdown/Content/Art/Materials/Textures/Pipes/T_Pipe_Bend_Normal.uasset" 67
"../../../../../../Users/Soulstep/Documents/GitHub/Meltdown/Content/Art/Materials/Textures/Vent/T_Vent_Vent_BaseColor.uasset" 68
"../../../../../../Users/Soulstep/Documents/GitHub/Meltdown/Content/Art/Materials/Textures/Vent/T_Vent_Vent_Normal.uasset" 69
"../../../../../../Users/Soulstep/Documents/GitHub/Meltdown/Content/Art/Materials/Textures/Vent/T_Vent_Vent_OcclusionRoughnessMetallic.uasset" 70
"../../../../../../Users/Soulstep/Documents/GitHub/Meltdown/Content/Art/Materials/Walls/M_WallsCorridoor.uasset" 71
"../../../../../../Users/Soulstep/Documents/GitHub/Meltdown/Content/Art/Static_Meshes/Vent/SM_Vent.uasset" 72
"../../../../../../Users/Soulstep/Documents/GitHub/Meltdown/Content/Art/Materials/Railings/SM_Railing_01_-_Default_BaseColor.uasset" 73
"../../../../../../Users/Soulstep/Documents/GitHub/Meltdown/Content/Art/Materials/Railings/SM_Railing_01_-_Default_Normal.uasset" 74
"../../../../../../Users/Soulstep/Documents/GitHub/Meltdown/Content/Art/Materials/Railings/SM_Railing_01_-_Default_OcclusionRoughnessMetallic.uasset" 75
"../../../../../../Users/Soulstep/Documents/GitHub/Meltdown/Content/Art/Materials/M_Railing.uasset" 76
"../../../../../../Users/Soulstep/Documents/GitHub/Meltdown/Content/Art/Static_Meshes/Walkways/SM_Walkway.uasset" 77
"../../../../../../Users/Soulstep/Documents/GitHub/Meltdown/Content/Art/Materials/Textures/Concrete/T_Concrete_basecolor.uasset" 78
"../../../../../../Users/Soulstep/Documents/GitHub/Meltdown/Content/Art/Materials/Textures/Concrete/T_Concrete_Merge_Map_AO_Roughnes_Metallic.uasset" 79
"../../../../../../Users/Soulstep/Documents/GitHub/Meltdown/Content/Art/Materials/Textures/Concrete/T_Concrete_normal.uasset" 80
"../../../../../../Users/Soulstep/Documents/GitHub/Meltdown/Content/Art/Materials/M_Concrete_Wall.uasset" 81
"../../../../../../Users/Soulstep/Documents/GitHub/Meltdown/Content/Art/Static_Meshes/Walls/SM_U_Wall.uasset" 82
"../../../../../../Users/Soulstep/Documents/GitHub/Meltdown/Content/Art/Materials/M_GreySphere.uasset" 83
"../../../../../../Users/Soulstep/Documents/GitHub/Meltdown/Content/Art/Static_Meshes/Walls/OldBlocks/SM_Wall_CornerBlock.uasset" 84
"../../../../../../Users/Soulstep/Documents/GitHub/Meltdown/Content/Art/UI_Art/Fonts/Nuclear__Accident.uasset" 85
"../../../../../../Users/Soulstep/Documents/GitHub/Meltdown/Content/Art/UI_Art/Fonts/InworldFont.uasset" 86
"../../../../../../Users/Soulstep/Documents/GitHub/Meltdown/Content/Art/UI_Art/Grapihcs/background_test.uasset" 87
"../../../../../../Users/Soulstep/Documents/GitHub/Meltdown/Content/Art/UI_Art/Grapihcs/background_test_2.uasset" 88
"../../../Engine/Content/EditorBlueprintResources/StandardMacros.uasset" 89
"../../../../../../Users/Soulstep/Documents/GitHub/Meltdown/Content/SaveGame/BP_SaveGame.uasset" 90
"../../../../../../Users/Soulstep/Documents/GitHub/Meltdown/Content/BP_GameInstance.uasset" 91
"../../../../../../Users/Soulstep/Documents/GitHub/Meltdown/Content/Art/Characters/Player/SM_MainCharacter_Skeleton.uasset" 92
"../../../../../../Users/Soulstep/Documents/GitHub/Meltdown/Content/Art/Characters/Player/Animation/Idle.uasset" 93
"../../../../../../Users/Soulstep/Documents/GitHub/Meltdown/Content/Art/Characters/Player/Animation/Running.uasset" 94
"../../../../../../Users/Soulstep/Documents/GitHub/Meltdown/Content/Art/Characters/Player/Locomotion.uasset" 95
"../../../../../../Users/Soulstep/Documents/GitHub/Meltdown/Content/Sounds/AtLocation.uasset" 96
"../../../../../../Users/Soulstep/Documents/GitHub/Meltdown/Content/Sounds/ConcreteFootsteps/S_Footstep_1.uasset" 97
"../../../../../../Users/Soulstep/Documents/GitHub/Meltdown/Content/Sounds/ConcreteFootsteps/S_Footstep_2.uasset" 98
"../../../../../../Users/Soulstep/Documents/GitHub/Meltdown/Content/Sounds/ConcreteFootsteps/S_Footstep_3.uasset" 99
"../../../../../../Users/Soulstep/Documents/GitHub/Meltdown/Content/Sounds/ConcreteFootsteps/S_Footstep_4.uasset" 100
"../../../../../../Users/Soulstep/Documents/GitHub/Meltdown/Content/Sounds/MetalFootsteps/S_Footstep_Metal_1.uasset" 101
"../../../../../../Users/Soulstep/Documents/GitHub/Meltdown/Content/Sounds/MetalFootsteps/S_Footstep_Metal_10.uasset" 102
"../../../../../../Users/Soulstep/Documents/GitHub/Meltdown/Content/Sounds/MetalFootsteps/S_Footstep_Metal_2.uasset" 103
"../../../../../../Users/Soulstep/Documents/GitHub/Meltdown/Content/Sounds/MetalFootsteps/S_Footstep_Metal_3.uasset" 104
"../../../../../../Users/Soulstep/Documents/GitHub/Meltdown/Content/Sounds/MetalFootsteps/S_Footstep_Metal_4.uasset" 105
"../../../../../../Users/Soulstep/Documents/GitHub/Meltdown/Content/Sounds/MetalFootsteps/S_Footstep_Metal_5.uasset" 106
"../../../../../../Users/Soulstep/Documents/GitHub/Meltdown/Content/Sounds/MetalFootsteps/S_Footstep_Metal_6.uasset" 107
"../../../../../../Users/Soulstep/Documents/GitHub/Meltdown/Content/Sounds/MetalFootsteps/S_Footstep_Metal_7.uasset" 108
"../../../../../../Users/Soulstep/Documents/GitHub/Meltdown/Content/Sounds/MetalFootsteps/S_Footstep_Metal_8.uasset" 109
"../../../../../../Users/Soulstep/Documents/GitHub/Meltdown/Content/Sounds/MetalFootsteps/S_Footstep_Metal_9.uasset" 110
"../../../../../../Users/Soulstep/Documents/GitHub/Meltdown/Content/Sounds/WetFootsteps/S_Footstep_Wet_1.uasset" 111
"../../../../../../Users/Soulstep/Documents/GitHub/Meltdown/Content/Sounds/WetFootsteps/S_Footstep_Wet_2.uasset" 112
"../../../../../../Users/Soulstep/Documents/GitHub/Meltdown/Content/Sounds/WetFootsteps/S_Footstep_Wet_3.uasset" 113
"../../../../../../Users/Soulstep/Documents/GitHub/Meltdown/Content/Sounds/WetFootsteps/S_Footstep_Wet_4.uasset" 114
"../../../../../../Users/Soulstep/Documents/GitHub/Meltdown/Content/Sounds/WetFootsteps/S_Footstep_Wet_5.uasset" 115
"../../../../../../Users/Soulstep/Documents/GitHub/Meltdown/Content/Sounds/WetFootsteps/S_Footstep_Wet_6.uasset" 116
"../../../../../../Users/Soulstep/Documents/GitHub/Meltdown/Content/Sounds/WetFootsteps/S_Footstep_Wet_7.uasset" 117
"../../../../../../Users/Soulstep/Documents/GitHub/Meltdown/Content/Sounds/WetFootsteps/S_Footstep_Wet_8.uasset" 118
"../../../../../../Users/Soulstep/Documents/GitHub/Meltdown/Content/Sounds/WetFootsteps/S_Footstep_Wet_9.uasset" 119
"../../../../../../Users/Soulstep/Documents/GitHub/Meltdown/Content/Art/Characters/Player/AB_Character_Anim.uasset" 120
"../../../../../../Users/Soulstep/Documents/GitHub/Meltdown/Content/GameplayObjects/Interactables/BP_BaseInteractable.uasset" 121
"../../../../../../Users/Soulstep/Documents/GitHub/Meltdown/Content/Enums/E_MiniMapIcon.uasset" 122
"../../../../../../Users/Soulstep/Documents/GitHub/Meltdown/Content/Interface/MiniMapIcon.uasset" 123
"../../../../../../Users/Soulstep/Documents/GitHub/Meltdown/Content/Art/UI_Art/Grapihcs/inworld__floor_Text_decal.uasset" 124
"../../../../../../Users/Soulstep/Documents/GitHub/Meltdown/Content/Art/UI_Art/Grapihcs/TextDecal.uasset" 125
"../../../Engine/Content/Functions/Engine_MaterialFunctions01/Opacity/CameraDepthFade.uasset" 126
"../../../Engine/Content/EngineMaterials/T_Default_Material_Grid_M.uasset" 127
"../../../Engine/Content/EngineMaterials/T_Default_Material_Grid_N.uasset" 128
"../../../Engine/Content/EngineMaterials/WorldGridMaterial.uasset" 129
"../../../../../../Users/Soulstep/Documents/GitHub/Meltdown/Content/Art/Static_Meshes/KeyCard/SM_Card_Key.uasset" 130
"../../../Engine/Content/Functions/Engine_MaterialFunctions01/Gradient/RadialGradient.uasset" 131
"../../../../../../Users/Soulstep/Documents/GitHub/Meltdown/Content/Particles/M_Radial_Gradient.uasset" 132
"../../../../../../Users/Soulstep/Documents/GitHub/Meltdown/Content/Particles/P_Pickupglow.uasset" 133
"../../../../../../Users/Soulstep/Documents/GitHub/Meltdown/Content/Sounds/S_Key_Pickup.uasset" 134
"../../../../../../Users/Soulstep/Documents/GitHub/Meltdown/Content/GameplayObjects/Interactables/BP_Key.uasset" 135
"../../../../../../Users/Soulstep/Documents/GitHub/Meltdown/Content/Art/UI_Art/Fonts/DigeticFOnt/DK_Compagnon.uasset" 136
"../../../../../../Users/Soulstep/Documents/GitHub/Meltdown/Content/Art/UI_Art/Fonts/DigeticFOnt/DK_Compagnon_Font.uasset" 137
"../../../../../../Users/Soulstep/Documents/GitHub/Meltdown/Content/Art/UI_Art/Fonts/Nuclear__Accident_Font.uasset" 138
"../../../../../../Users/Soulstep/Documents/GitHub/Meltdown/Content/Structures/S_ButtonState.uasset" 139
"../../../../../../Users/Soulstep/Documents/GitHub/Meltdown/Content/Art/UI_Art/Grapihcs/BackgroundForEndScreen.uasset" 140
"../../../../../../Users/Soulstep/Documents/GitHub/Meltdown/Content/Art/UI_Art/Grapihcs/Buttons/buttonhovered.uasset" 141
"../../../../../../Users/Soulstep/Documents/GitHub/Meltdown/Content/Art/UI_Art/Grapihcs/Buttons/buttonnormal.uasset" 142
"../../../../../../Users/Soulstep/Documents/GitHub/Meltdown/Content/Art/UI_Art/Grapihcs/Buttons/buttonpressed.uasset" 143
"../../../../../../Users/Soulstep/Documents/GitHub/Meltdown/Content/Art/UI_Art/Grapihcs/Buttons/meltdown_button.uasset" 144
"../../../../../../Users/Soulstep/Documents/GitHub/Meltdown/Content/Art/UI_Art/Grapihcs/LOGO.uasset" 145
"../../../../../../Users/Soulstep/Documents/GitHub/Meltdown/Content/UI/PauseUI/WBP_PauseMenu.uasset" 146
"../../../../../../Users/Soulstep/Documents/GitHub/Meltdown/Content/UI/IngameUI/WBP_Keycards.uasset" 147
"../../../../../../Users/Soulstep/Documents/GitHub/Meltdown/Content/UI/IngameUI/WBP_LevelName.uasset" 148
"../../../../../../Users/Soulstep/Documents/GitHub/Meltdown/Content/Art/UI_Art/Grapihcs/Torch/mask_overlay.uasset" 149
"../../../../../../Users/Soulstep/Documents/GitHub/Meltdown/Content/Art/UI_Art/Grapihcs/Torch/Torch_fill.uasset" 150
"../../../../../../Users/Soulstep/Documents/GitHub/Meltdown/Content/Art/UI_Art/Grapihcs/Torch/TorchMaterial.uasset" 151
"../../../../../../Users/Soulstep/Documents/GitHub/Meltdown/Content/Art/UI_Art/Grapihcs/Torch/Inst_TorchGraphic.uasset" 152
"../../../../../../Users/Soulstep/Documents/GitHub/Meltdown/Content/Art/UI_Art/Grapihcs/Torch/Inst_TorchLightGained.uasset" 153
"../../../../../../Users/Soulstep/Documents/GitHub/Meltdown/Content/Art/UI_Art/Grapihcs/Torch/Inst_TorchLowGraphic.uasset" 154
"../../../../../../Users/Soulstep/Documents/GitHub/Meltdown/Content/Art/UI_Art/Grapihcs/Torch/Torch_border.uasset" 155
"../../../../../../Users/Soulstep/Documents/GitHub/Meltdown/Content/UI/IngameUI/WBP_LightCharge.uasset" 156
"../../../../../../Users/Soulstep/Documents/GitHub/Meltdown/Content/UI/IngameUI/WBP_HUD_UI.uasset" 157
"../../../../../../Users/Soulstep/Documents/GitHub/Meltdown/Content/UI/LoadingScreen/WBP_LoadingScreen.uasset" 158
"../../../../../../Users/Soulstep/Documents/GitHub/Meltdown/Content/Art/Characters/Player/Animation/NPC_Dizzy_Idle.uasset" 159
"../../../../../../Users/Soulstep/Documents/GitHub/Meltdown/Content/Art/Characters/Player/Animation/NPC_Injured_Idle.uasset" 160
"../../../../../../Users/Soulstep/Documents/GitHub/Meltdown/Content/Art/Characters/Player/Animation/NPC_Sitting_Crossed_Legs.uasset" 161
"../../../../../../Users/Soulstep/Documents/GitHub/Meltdown/Content/Art/Characters/Player/Animation/NPC_Sitting_Lean_Back.uasset" 162
"../../../../../../Users/Soulstep/Documents/GitHub/Meltdown/Content/Enums/E_NPCState.uasset" 163
"../../../../../../Users/Soulstep/Documents/GitHub/Meltdown/Content/Art/Characters/NPCs/AB_NPCAnim.uasset" 164
"../../../../../../Users/Soulstep/Documents/GitHub/Meltdown/Content/Art/Materials/Textures/Character/Skin/T_SkinBasecolour.uasset" 165
"../../../../../../Users/Soulstep/Documents/GitHub/Meltdown/Content/Art/Materials/Textures/Character/Skin/T_SkinColourMask.uasset" 166
"../../../../../../Users/Soulstep/Documents/GitHub/Meltdown/Content/Art/Materials/Textures/Character/Skin/T_SkinEyeColourMask.uasset" 167
"../../../../../../Users/Soulstep/Documents/GitHub/Meltdown/Content/Art/Materials/Textures/Character/Skin/T_SkinMergeMap.uasset" 168
"../../../../../../Users/Soulstep/Documents/GitHub/Meltdown/Content/Art/Materials/Textures/Character/Skin/T_SkinNormal.uasset" 169
"../../../../../../Users/Soulstep/Documents/GitHub/Meltdown/Content/Art/Materials/Characters/M_BodyMaster.uasset" 170
"../../../../../../Users/Soulstep/Documents/GitHub/Meltdown/Content/Art/Materials/Characters/M_BodyNPC1.uasset" 171
"../../../../../../Users/Soulstep/Documents/GitHub/Meltdown/Content/Art/Materials/Textures/Character/Hair/T_HairBaseColour.uasset" 172
"../../../../../../Users/Soulstep/Documents/GitHub/Meltdown/Content/Art/Materials/Textures/Character/Hair/T_HairMergeMap.uasset" 173
"../../../../../../Users/Soulstep/Documents/GitHub/Meltdown/Content/Art/Materials/Textures/Character/Hair/T_HairNormal.uasset" 174
"../../../../../../Users/Soulstep/Documents/GitHub/Meltdown/Content/Art/Materials/Characters/M_HairMaster.uasset" 175
"../../../../../../Users/Soulstep/Documents/GitHub/Meltdown/Content/Art/Materials/Characters/M_HairNPC1.uasset" 176
"../../../../../../Users/Soulstep/Documents/GitHub/Meltdown/Content/Art/Materials/Textures/Character/OfficeSuit/T_OfficeSuitBaseColour.uasset" 177
"../../../../../../Users/Soulstep/Documents/GitHub/Meltdown/Content/Art/Materials/Textures/Character/OfficeSuit/T_OfficeSuitMergeMap.uasset" 178
"../../../../../../Users/Soulstep/Documents/GitHub/Meltdown/Content/Art/Materials/Textures/Character/OfficeSuit/T_OfficeSuitNormals.uasset" 179
"../../../../../../Users/Soulstep/Documents/GitHub/Meltdown/Content/Art/Materials/Textures/Character/OfficeSuit/T_OfficeSuitTieMask.uasset" 180
"../../../../../../Users/Soulstep/Documents/GitHub/Meltdown/Content/Art/Materials/Characters/M_OfficeSuitMaster.uasset" 181
"../../../../../../Users/Soulstep/Documents/GitHub/Meltdown/Content/Art/Materials/Characters/M_OfficeSuitNPC1.uasset" 182
"../../../../../../Users/Soulstep/Documents/GitHub/Meltdown/Content/Art/Characters/NPCs/SM_NPC1_PhysicsAsset.uasset" 183
"../../../../../../Users/Soulstep/Documents/GitHub/Meltdown/Content/Art/Characters/NPCs/SM_NPC1.uasset" 184
"../../../../../../Users/Soulstep/Documents/GitHub/Meltdown/Content/Art/Materials/Characters/M_BodyNPC2.uasset" 185
"../../../../../../Users/Soulstep/Documents/GitHub/Meltdown/Content/Art/Materials/Characters/M_HairNPC2.uasset" 186
"../../../../../../Users/Soulstep/Documents/GitHub/Meltdown/Content/Art/Materials/Characters/M_OfficeSuitNPC2.uasset" 187
"../../../../../../Users/Soulstep/Documents/GitHub/Meltdown/Content/Art/Characters/NPCs/SM_NPC2_PhysicsAsset.uasset" 188
"../../../../../../Users/Soulstep/Documents/GitHub/Meltdown/Content/Art/Characters/NPCs/SM_NPC2.uasset" 189
"../../../../../../Users/Soulstep/Documents/GitHub/Meltdown/Content/Art/Materials/Characters/M_BodyNPC3.uasset" 190
"../../../../../../Users/Soulstep/Documents/GitHub/Meltdown/Content/Art/Materials/Characters/M_HairNPC3.uasset" 191
"../../../../../../Users/Soulstep/Documents/GitHub/Meltdown/Content/Art/Materials/Characters/M_OfficeSuitNPC3.uasset" 192
"../../../../../../Users/Soulstep/Documents/GitHub/Meltdown/Content/Art/Characters/NPCs/SM_NPC3_PhysicsAsset.uasset" 193
"../../../../../../Users/Soulstep/Documents/GitHub/Meltdown/Content/Art/Characters/NPCs/SM_NPC3.uasset" 194
"../../../../../../Users/Soulstep/Documents/GitHub/Meltdown/Content/Particles/M_Radial_GradientBright.uasset" 195
"../../../../../../Users/Soulstep/Documents/GitHub/Meltdown/Content/Particles/TeleportFlash.uasset" 196
"../../../../../../Users/Soulstep/Documents/GitHub/Meltdown/Content/Sounds/S_NPC_Saved.uasset" 197
"../../../../../../Users/Soulstep/Documents/GitHub/Meltdown/Content/Sounds/S_Teleport.uasset" 198
"../../../../../../Users/Soulstep/Documents/GitHub/Meltdown/Content/Art/UI_Art/Grapihcs/speech__bubble.uasset" 199
"../../../../../../Users/Soulstep/Documents/GitHub/Meltdown/Content/UI/NPCDialogue/WBP_NarrativeDialog.uasset" 200
"../../../../../../Users/Soulstep/Documents/GitHub/Meltdown/Content/UI/TutorialText/TutorialEnum.uasset" 201
"../../../../../../Users/Soulstep/Documents/GitHub/Meltdown/Content/UI/TutorialText/WBP_Tutorial.uasset" 202
"../../../../../../Users/Soulstep/Documents/GitHub/Meltdown/Content/GameplayObjects/Interactables/BP_NPCChar.uasset" 203
"../../../../../../Users/Soulstep/Documents/GitHub/Meltdown/Content/GameplayObjects/MiniMapTools/BP_AncherPoint.uasset" 204
"../../../../../../Users/Soulstep/Documents/GitHub/Meltdown/Content/GameplayObjects/MiniMapTools/BP_CalculationPoint.uasset" 205
"../../../../../../Users/Soulstep/Documents/GitHub/Meltdown/Content/UI/MiniMap/FogofWar/FogoofWarRender.uasset" 206
"../../../../../../Users/Soulstep/Documents/GitHub/Meltdown/Content/UI/MiniMap/FogofWar/fogofWar.uasset" 207
"../../../Engine/Content/Functions/Engine_MaterialFunctions02/Utility/VectorLength.uasset" 208
"../../../../../../Users/Soulstep/Documents/GitHub/Meltdown/Content/UI/MiniMap/FogofWar/SubtractfogofWar.uasset" 209
"../../../../../../Users/Soulstep/Documents/GitHub/Meltdown/Content/UI/MiniMap/Icons/WBP_KeyIcon.uasset" 210
"../../../../../../Users/Soulstep/Documents/GitHub/Meltdown/Content/UI/MiniMap/Icons/WBP_NPCIcon.uasset" 211
"../../../../../../Users/Soulstep/Documents/GitHub/Meltdown/Content/UI/MiniMap/Icons/WBP_PlayerIcon.uasset" 212
"../../../../../../Users/Soulstep/Documents/GitHub/Meltdown/Content/UI/MiniMap/MiniMapRenderTarget2D_Tex.uasset" 213
"../../../../../../Users/Soulstep/Documents/GitHub/Meltdown/Content/UI/MiniMap/WBP_MiniMap.uasset" 214
"../../../../../../Users/Soulstep/Documents/GitHub/Meltdown/Content/UI/WBP_MasterGameHud.uasset" 215
"../../../../../../Users/Soulstep/Documents/GitHub/Meltdown/Content/Managers/BP_LevelStreamManager.uasset" 216
"../../../../../../Users/Soulstep/Documents/GitHub/Meltdown/Content/Art/IES/DefinedSpot.uasset" 217
"../../../../../../Users/Soulstep/Documents/GitHub/Meltdown/Content/Art/Materials/Torch/T_Torch_BaseColor.uasset" 218
"../../../../../../Users/Soulstep/Documents/GitHub/Meltdown/Content/Art/Materials/Torch/T_Torch_Normal.uasset" 219
"../../../../../../Users/Soulstep/Documents/GitHub/Meltdown/Content/Art/Materials/Torch/T_Torch_OcclusionRoughnessMetallic.uasset" 220
"../../../../../../Users/Soulstep/Documents/GitHub/Meltdown/Content/Art/Materials/Torch/M_Torch.uasset" 221
"../../../../../../Users/Soulstep/Documents/GitHub/Meltdown/Content/Art/Static_Meshes/Torch/Torch.uasset" 222
"../../../../../../Users/Soulstep/Documents/GitHub/Meltdown/Content/Particles/beamMaterial.uasset" 223
"../../../../../../Users/Soulstep/Documents/GitHub/Meltdown/Content/Particles/laserbeamParticle.uasset" 224
"../../../../../../Users/Soulstep/Documents/GitHub/Meltdown/Content/Sounds/S_Cough.uasset" 225
"../../../../../../Users/Soulstep/Documents/GitHub/Meltdown/Content/Sounds/S_Electrocute.uasset" 226
"../../../../../../Users/Soulstep/Documents/GitHub/Meltdown/Content/Sounds/S_Low_Battery.uasset" 227
"../../../../../../Users/Soulstep/Documents/GitHub/Meltdown/Content/Character/BP_TorchActor.uasset" 228
"../../../Engine/Content/Functions/Engine_MaterialFunctions02/SplitComponents.uasset" 229
"../../../../../../Users/Soulstep/Documents/GitHub/Meltdown/Content/OcculusionOverlay/Effects/MF_ConvolveTexture.uasset" 230
"../../../../../../Users/Soulstep/Documents/GitHub/Meltdown/Content/OcculusionOverlay/Effects/MF_ExtractDepth.uasset" 231
"../../../../../../Users/Soulstep/Documents/GitHub/Meltdown/Content/OcculusionOverlay/Effects/MF_SampleSceneTextureNeighbourUVs.uasset" 232
"../../../Engine/Content/Functions/Engine_MaterialFunctions02/ExampleContent/Textures/SineWaveHeightMap.uasset" 233
"../../../../../../Users/Soulstep/Documents/GitHub/Meltdown/Content/OcculusionOverlay/Effects/PP_Outliner_M.uasset" 234
"../../../../../../Users/Soulstep/Documents/GitHub/Meltdown/Content/OcculusionOverlay/Effects/PP_Outliner_M_Inst.uasset" 235
"../../../../../../Users/Soulstep/Documents/GitHub/Meltdown/Content/GameplayObjects/BP_PostProcess.uasset" 236
"../../../../../../Users/Soulstep/Documents/GitHub/Meltdown/Content/Art/Materials/M_ChromeSphere.uasset" 237
"../../../Engine/Content/Functions/Engine_MaterialFunctions02/Fresnel_Function.uasset" 238
"../../../../../../Users/Soulstep/Documents/GitHub/Meltdown/Content/Art/Materials/M_MasterMaterial_Glass.uasset" 239
"../../../../../../Users/Soulstep/Documents/GitHub/Meltdown/Content/Art/Materials/Doors/M_DoorGlass.uasset" 240
"../../../../../../Users/Soulstep/Documents/GitHub/Meltdown/Content/Art/Static_Meshes/Doors/SM_Door.uasset" 241
"../../../../../../Users/Soulstep/Documents/GitHub/Meltdown/Content/Art/Static_Meshes/Doors/SM_DoorWall.uasset" 242
"../../../../../../Users/Soulstep/Documents/GitHub/Meltdown/Content/Art/Static_Meshes/Walls/SM_Wall_Block.uasset" 243
"../../../../../../Users/Soulstep/Documents/GitHub/Meltdown/Content/Sounds/S_Door_Access_Denied.uasset" 244
"../../../../../../Users/Soulstep/Documents/GitHub/Meltdown/Content/Sounds/S_Door_Access_Granted.uasset" 245
"../../../../../../Users/Soulstep/Documents/GitHub/Meltdown/Content/GameplayObjects/Interactables/BP_Door_Interactable.uasset" 246
"../../../../../../Users/Soulstep/Documents/GitHub/Meltdown/Content/Art/Materials/Textures/Character/HazmatSuit/T_HazmatSuitBaseColour.uasset" 247
"../../../../../../Users/Soulstep/Documents/GitHub/Meltdown/Content/Art/Materials/Textures/Character/HazmatSuit/T_HazmatSuitBaseMergeMaps.uasset" 248
"../../../../../../Users/Soulstep/Documents/GitHub/Meltdown/Content/Art/Materials/Textures/Character/HazmatSuit/T_HazmatSuitBaseNormals.uasset" 249
"../../../../../../Users/Soulstep/Documents/GitHub/Meltdown/Content/Art/Materials/Characters/M_HazmatSuit.uasset" 250
"../../../../../../Users/Soulstep/Documents/GitHub/Meltdown/Content/Art/Characters/Player/SM_MainCharacter_PhysicsAsset.uasset" 251
"../../../../../../Users/Soulstep/Documents/GitHub/Meltdown/Content/Art/Characters/Player/SM_MainCharacter.uasset" 252
"../../../../../../Users/Soulstep/Documents/GitHub/Meltdown/Content/Sounds/S_Ouch.uasset" 253
"../../../../../../Users/Soulstep/Documents/GitHub/Meltdown/Content/Character/BP_PlayerCharacter.uasset" 254
"../../../../../../Users/Soulstep/Documents/GitHub/Meltdown/Content/GameplayObjects/BP_ObjectManager_OLD.uasset" 255
"../../../../../../Users/Soulstep/Documents/GitHub/Meltdown/Content/Managers/BP_RoomManager.uasset" 256
"../../../../../../Users/Soulstep/Documents/GitHub/Meltdown/Content/Managers/BP_PlayerCheckpoint.uasset" 257
"../../../../../../Users/Soulstep/Documents/GitHub/Meltdown/Content/Managers/BP_SpawnManager.uasset" 258
"../../../../../../Users/Soulstep/Documents/GitHub/Meltdown/Content/Art/Materials/ImportedPuddle/M_YamaloPuddle_Inst1.uasset" 259
"../../../../../../Users/Soulstep/Documents/GitHub/Meltdown/Content/Art/Materials/ImportedPuddle/Masks/Puddlemap3.uasset" 260
"../../../../../../Users/Soulstep/Documents/GitHub/Meltdown/Content/Art/Materials/ImportedPuddle/M_YamaloPuddle_Inst3.uasset" 261
"../../../Engine/Content/BasicShapes/Plane.uasset" 262
"../../../../../../Users/Soulstep/Documents/GitHub/Meltdown/Content/Art/Blueprint/ChemicalSpill.uasset" 263
"../../../Engine/Content/BasicShapes/BasicShapeMaterial.uasset" 264
"../../../Engine/Content/EngineMaterials/DefaultMaterial.uasset" 265
"../../../Engine/Content/BasicShapes/Cone.uasset" 266
"../../../Engine/Content/Tutorial/SubEditors/TutorialAssets/T_SmokeSubUV_8X8.uasset" 267
"../../../../../../Users/Soulstep/Documents/GitHub/Meltdown/Content/Particles/T_Smoke_Tiled_D.uasset" 268
"../../../../../../Users/Soulstep/Documents/GitHub/Meltdown/Content/Particles/M_smoke_subUV.uasset" 269
"../../../../../../Users/Soulstep/Documents/GitHub/Meltdown/Content/Particles/P_Steam_Gas.uasset" 270
"../../../../../../Users/Soulstep/Documents/GitHub/Meltdown/Content/Particles/BP_SteamNozzle.uasset" 271
"../../../../../../Users/Soulstep/Documents/GitHub/Meltdown/Content/Art/Materials/Textures/Grates/T_FloorGrates_BaseColour.uasset" 272
"../../../../../../Users/Soulstep/Documents/GitHub/Meltdown/Content/Art/Materials/Textures/Grates/T_FloorGrates_MergeMap_AO_Roughness_Metallic.uasset" 273
"../../../../../../Users/Soulstep/Documents/GitHub/Meltdown/Content/Art/Materials/Textures/Grates/T_FloorGrates_Normals.uasset" 274
"../../../../../../Users/Soulstep/Documents/GitHub/Meltdown/Content/Sounds/PM_Metal.uasset" 275
"../../../../../../Users/Soulstep/Documents/GitHub/Meltdown/Content/Art/Materials/M_FloorGrates.uasset" 276
"../../../../../../Users/Soulstep/Documents/GitHub/Meltdown/Content/Art/Blueprint/FloorGrill.uasset" 277
"../../../../../../Users/Soulstep/Documents/GitHub/Meltdown/Content/GameModes/BP_GameOverBox.uasset" 278
"../../../../../../Users/Soulstep/Documents/GitHub/Meltdown/Content/Enums/NPC_names.uasset" 279
"../../../../../../Users/Soulstep/Documents/GitHub/Meltdown/Content/Managers/BP_NarrativeManager.uasset" 280
"../../../../../../Users/Soulstep/Documents/GitHub/Meltdown/Content/GameModes/GM_roomInformation.uasset" 281
"../../../../../../Users/Soulstep/Documents/GitHub/Meltdown/Content/UI/MenuUI/WBP_Menu.uasset" 282
"../../../../../../Users/Soulstep/Documents/GitHub/Meltdown/Content/UI/SplashScreen.uasset" 283
"../../../../../../Users/Soulstep/Documents/GitHub/Meltdown/Content/UI/WBP_GameOverUI.uasset" 284
"../../../../../../Users/Soulstep/Documents/GitHub/Meltdown/Content/GameModes/BP_PersistantGM.uasset" 285
"../../../../../../Users/Soulstep/Documents/GitHub/Meltdown/Content/BP_FuncLib.uasset" 286
"../../../../../../Users/Soulstep/Documents/GitHub/Meltdown/Content/PlayerControllers/BP_Controller.uasset" 287
"../../../../../../Users/Soulstep/Documents/GitHub/Meltdown/Content/PlayerControllers/BP_PlayerController.uasset" 288
"../../../../../../Users/Soulstep/Documents/GitHub/Meltdown/Content/Interface/Interact.uasset" 289
"../../../../../../Users/Soulstep/Documents/GitHub/Meltdown/Content/Structures/S_PlayerAttributes.uasset" 290
"../../../../../../Users/Soulstep/Documents/GitHub/Meltdown/Content/Character/BP_BaseCharacter.uasset" 291
"../../../../../../Users/Soulstep/Documents/GitHub/Meltdown/Content/Character/BP_NPCCharacter.uasset" 292
"../../../../../../Users/Soulstep/Documents/GitHub/Meltdown/Content/Cinematics/MainRoomPan.uasset" 293
"../../../../../../Users/Soulstep/Documents/GitHub/Meltdown/Content/Particles/P_Steam_Jet.uasset" 294
"../../../../../../Users/Soulstep/Documents/GitHub/Meltdown/Content/Particles/BP_Steam_Jet.uasset" 295
"../../../../../../Users/Soulstep/Documents/GitHub/Meltdown/Content/Particles/P_SmokeBomb.uasset" 296
"../../../../../../Users/Soulstep/Documents/GitHub/Meltdown/Content/Particles/T_Smoke_SubUV.uasset" 297
"../../../../../../Users/Soulstep/Documents/GitHub/Meltdown/Content/Particles/T_Smoke_SubUVoptimized.uasset" 298
"../../../../../../Users/Soulstep/Documents/GitHub/Meltdown/Content/Sounds/PM_Concrete.uasset" 299
"../../../../../../Users/Soulstep/Documents/GitHub/Meltdown/Content/Sounds/S_Steam.uasset" 300
"../../../../../../Users/Soulstep/Documents/GitHub/Meltdown/Content/Sounds/ConcreteFootsteps/S_Footstep_5.uasset" 301
"../../../../../../Users/Soulstep/Documents/GitHub/Meltdown/Content/Structures/S_PlayerState.uasset" 302
"../../../../../../Users/Soulstep/Documents/GitHub/Meltdown/Content/UI/IngameUI/WBP_DoorN.uasset" 303
"../../../../../../Users/Soulstep/Documents/GitHub/Meltdown/Content/UI/MenuUI/WBP_Button.uasset" 304
"../../../../../../Users/Soulstep/Documents/GitHub/Meltdown/Content/UI/MenuUI/WBP_LevelSelect.uasset" 305
"../../../../../../Users/Soulstep/Documents/GitHub/Meltdown/Content/UI/NPCDialogue/nostopthis.uasset" 306
"../../../Engine/Content/ArtTools/RenderToTexture/Meshes/S_1_Unit_Plane.uasset" 307
"../../../Engine/Content/EditorLandscapeResources/DataLayer.uasset" 308
"../../../Engine/Content/EditorMaterials/GizmoMaterial.uasset" 309
"../../../Engine/Content/EditorMaterials/MAT_Groups_Toggle.uasset" 310
"../../../Engine/Content/EditorMaterials/MAT_Groups_Visibility.uasset" 311
"../../../Engine/Content/EditorMaterials/PreviewShadowIndicator.uasset" 312
"../../../Engine/Content/EditorMaterials/PreviewShadowIndicatorMaterial.uasset" 313
"../../../Engine/Content/EditorMaterials/MatineeGroups/MAT_ColorTrack.uasset" 314
"../../../Engine/Content/EditorMaterials/MatineeGroups/MAT_Groups_Anim.uasset" 315
"../../../Engine/Content/EditorMaterials/MatineeGroups/MAT_Groups_AudioMaster.uasset" 316
"../../../Engine/Content/EditorMaterials/MatineeGroups/MAT_Groups_Director.uasset" 317
"../../../Engine/Content/EditorMaterials/MatineeGroups/MAT_Groups_Event.uasset" 318
"../../../Engine/Content/EditorMaterials/MatineeGroups/MAT_Groups_Fade.uasset" 319
"../../../Engine/Content/EditorMaterials/MatineeGroups/MAT_Groups_Float.uasset" 320
"../../../Engine/Content/EditorMaterials/MatineeGroups/MAT_Groups_Move.uasset" 321
"../../../Engine/Content/EditorMaterials/MatineeGroups/MAT_Groups_Slomo.uasset" 322
"../../../Engine/Content/EditorMaterials/MatineeGroups/MAT_Groups_Sound.uasset" 323
"../../../Engine/Content/EditorMaterials/MatineeGroups/MAT_Groups_Vector.uasset" 324
"../../../Engine/Content/EditorMaterials/ParticleSystems/PSysThumbnail_NoImage.uasset" 325
"../../../Engine/Content/EditorMaterials/ParticleSystems/PSysThumbnail_OOD.uasset" 326
"../../../Engine/Content/EditorMaterials/Camera/CineMat.uasset" 327
"../../../Engine/Content/EditorMaterials/Camera/MI_CineMat_Rig.uasset" 328
"../../../Engine/Content/EditorMeshes/Camera/SM_CraneRig_Arm.uasset" 329
"../../../Engine/Content/EditorMeshes/Camera/SM_CraneRig_Base.uasset" 330
"../../../Engine/Content/EditorMeshes/Camera/SM_CraneRig_Body.uasset" 331
"../../../Engine/Content/EditorMeshes/Camera/SM_CraneRig_Mount.uasset" 332
"../../../Engine/Content/EditorMeshes/Camera/SM_RailRig_Mount.uasset" 333
"../../../Engine/Content/EditorResources/BSPVertex.uasset" 334
"../../../Engine/Content/EditorResources/EmptyActor.uasset" 335
"../../../Engine/Content/EditorResources/S_Actor.uasset" 336
"../../../Engine/Content/EditorResources/S_Trigger.uasset" 337
"../../../Engine/Content/EditorResources/AudioIcons/S_AudioComponent.uasset" 338
"../../../Engine/Content/EditorResources/AudioIcons/S_AudioComponent_AutoActivate.uasset" 339
"../../../Engine/Content/EditorResources/LightIcons/S_LightError.uasset" 340
"../../../Engine/Content/EditorResources/SequenceRecorder/Countdown.uasset" 341
"../../../Engine/Content/EditorResources/SequenceRecorder/RecordingIndicator.uasset" 342
"../../../Engine/Content/EditorSounds/Notifications/CompileFailed.uasset" 343
"../../../Engine/Content/EditorSounds/Notifications/CompileFailed_Cue.uasset" 344
"../../../Engine/Content/EditorSounds/Notifications/CompileSuccess.uasset" 345
"../../../Engine/Content/EditorSounds/Notifications/CompileStart_Cue.uasset" 346
"../../../Engine/Content/EditorSounds/Notifications/CompileSuccess_Cue.uasset" 347
"../../../Engine/Content/EngineDamageTypes/DmgTypeBP_Environmental.uasset" 348
"../../../Engine/Content/EngineDebugMaterials/HeatmapGradient.uasset" 349
"../../../Engine/Content/EngineDebugMaterials/BoneWeightMaterial.uasset" 350
"../../../Engine/Content/EngineDebugMaterials/ClothMaterial.uasset" 351
"../../../Engine/Content/EngineDebugMaterials/ClothMaterial_WF.uasset" 352
"../../../Engine/Content/EngineDebugMaterials/DebugEditorMaterial.uasset" 353
"../../../Engine/Content/EngineDebugMaterials/DebugMeshMaterial.uasset" 354
"../../../Engine/Content/EngineDebugMaterials/GeomMaterial.uasset" 355
"../../../Engine/Content/EngineDebugMaterials/M_SimpleTranslucent.uasset" 356
"../../../Engine/Content/EngineFonts/Faces/RobotoBold.uasset" 357
"../../../Engine/Content/EngineFonts/Faces/RobotoBoldItalic.uasset" 358
"../../../Engine/Content/EngineFonts/Faces/RobotoItalic.uasset" 359
"../../../Engine/Content/EngineFonts/Faces/RobotoLight.uasset" 360
"../../../Engine/Content/EngineFonts/Faces/RobotoRegular.uasset" 361
"../../../Engine/Content/EngineFonts/Roboto.uasset" 362
"../../../Engine/Content/EngineFonts/Faces/RobotoTiny.uasset" 363
"../../../Engine/Content/EngineFonts/RobotoTiny.uasset" 364
"../../../Engine/Content/EngineMaterials/BaseFlattenDiffuseMap.uasset" 365
"../../../Engine/Content/EngineMaterials/BaseFlattenEmissiveMap.uasset" 366
"../../../Engine/Content/EngineMaterials/BaseFlattenGrayscaleMap.uasset" 367
"../../../Engine/Content/EngineMaterials/BaseFlattenNormalMap.uasset" 368
"../../../Engine/Content/EngineMaterials/BaseFlattenMaterial.uasset" 369
"../../../Engine/Content/EngineMaterials/DefaultBloomKernel.uasset" 370
"../../../Engine/Content/EngineMaterials/DefaultBokeh.uasset" 371
"../../../Engine/Content/EngineMaterials/DefaultDiffuse.uasset" 372
"../../../Engine/Content/EngineMaterials/DefaultDeferredDecalMaterial.uasset" 373
"../../../Engine/Content/EngineMaterials/DefaultLightFunctionMaterial.uasset" 374
"../../../Engine/Content/EngineMaterials/DefaultPhysicalMaterial.uasset" 375
"../../../Engine/Content/Functions/Engine_MaterialFunctions02/Utility/BreakOutFloat2Components.uasset" 376
"../../../Engine/Content/EngineMaterials/DefaultPostProcessMaterial.uasset" 377
"../../../Engine/Content/EngineFonts/RobotoDistanceField.uasset" 378
"../../../Engine/Content/EngineMaterials/DefaultTextMaterialOpaque.uasset" 379
"../../../Engine/Content/EngineMaterials/DefaultWhiteGrid.uasset" 380
"../../../Engine/Content/EngineMaterials/EditorBrushMaterial.uasset" 381
"../../../Engine/Content/EngineMaterials/Good64x64TilingNoiseHighFreq.uasset" 382
"../../../Engine/Content/EngineMaterials/MiniFont.uasset" 383
"../../../Engine/Content/EngineMaterials/InvalidLightmapSettings.uasset" 384
"../../../Engine/Content/EngineMaterials/M_InvalidLightmapSettings.uasset" 385
"../../../Engine/Content/Functions/Engine_MaterialFunctions02/WorldPositionOffset/CameraOffset.uasset" 386
"../../../Engine/Content/EngineMaterials/PhAT_JointLimitMaterial.uasset" 387
"../../../Engine/Content/EngineMaterials/PreintegratedSkinBRDF.uasset" 388
"../../../Engine/Content/EngineMaterials/RemoveSurfaceMaterial.uasset" 389
"../../../Engine/Content/EngineMaterials/WeightMapPlaceholderTexture.uasset" 390
"../../../Engine/Content/EngineResources/WhiteSquareTexture.uasset" 391
"../../../Engine/Content/EngineMaterials/Widget3DPassThrough.uasset" 392
"../../../Engine/Content/EngineMaterials/Widget3DPassThrough_Masked.uasset" 393
"../../../Engine/Content/EngineMaterials/Widget3DPassThrough_Opaque.uasset" 394
"../../../Engine/Content/EngineMaterials/Widget3DPassThrough_Masked_OneSided.uasset" 395
"../../../Engine/Content/EngineMaterials/Widget3DPassThrough_Opaque_OneSided.uasset" 396
"../../../Engine/Content/EngineMaterials/Widget3DPassThrough_Translucent.uasset" 397
"../../../Engine/Content/EngineMaterials/Widget3DPassThrough_Translucent_OneSided.uasset" 398
"../../../Engine/Content/EngineMeshes/Cylinder.uasset" 399
"../../../Engine/Content/EngineMeshes/Sphere.uasset" 400
"../../../Engine/Content/EngineResources/Black.uasset" 401
"../../../Engine/Content/EngineResources/DefaultTexture.uasset" 402
"../../../Engine/Content/EngineResources/DefaultTextureCube.uasset" 403
"../../../Engine/Content/EngineResources/DefaultVolumeTexture2D.uasset" 404
"../../../Engine/Content/EngineResources/DefaultVolumeTexture.uasset" 405
"../../../Engine/Content/EngineResources/GradientTexture0.uasset" 406
"../../../Engine/Content/EngineSounds/Master.uasset" 407
"../../../Engine/Content/Functions/Engine_MaterialFunctions01/Shading/ConvertFromDiffSpec.uasset" 408
"../../../Engine/Content/Functions/Engine_MaterialFunctions01/Shading/PowerToRoughness.uasset" 409
"../../../Engine/Content/Maps/Templates/Thumbnails/Default.uasset" 410
"../../../Engine/Content/Maps/Templates/Thumbnails/VR-Basic.uasset" 411
"../../../Engine/Content/MobileResources/T_MobileControls_texture.uasset" 412
"../../../Engine/Content/MobileResources/T_MobileMenu2.uasset" 413
"../../../Engine/Content/MobileResources/HUD/AnalogHat.uasset" 414
"../../../Engine/Content/MobileResources/HUD/VirtualJoystick_Background.uasset" 415
"../../../Engine/Content/MobileResources/HUD/VirtualJoystick_Thumb.uasset" 416
"../../../Engine/Content/MobileResources/HUD/DefaultVirtualJoysticks.uasset" 417
"../../../Engine/Content/MobileResources/HUD/LeftVirtualJoystickOnly.uasset" 418
"../../../Engine/Content/MobileResources/HUD/MobileHUDButton1_off.uasset" 419
"../../../Engine/Content/MobileResources/HUD/MobileHUDButton1_on.uasset" 420
"../../../Engine/Content/MobileResources/HUD/MobileHUDButton2_off.uasset" 421
"../../../Engine/Content/MobileResources/HUD/MobileHUDButton2_on.uasset" 422
"../../../Engine/Content/MobileResources/HUD/MobileHUDButton3.uasset" 423
"../../../Engine/Content/MobileResources/HUD/MobileHUDButtonFire.uasset" 424
"../../../Engine/Content/MobileResources/HUD/MobileHUDDirectionPad.uasset" 425
"../../../Engine/Content/MobileResources/HUD/MobileHUDDirectionPad2.uasset" 426
"../../../Engine/Content/MobileResources/HUD/MobileHUDDirectionPad3.uasset" 427
"../../../Engine/Content/MobileResources/HUD/MobileHUDDirectionStick.uasset" 428
"../../../Engine/Content/MobileResources/HUD/T_Castle_ThumbstickInner.uasset" 429
"../../../Engine/Content/MobileResources/HUD/T_Castle_ThumbstickOutter.uasset" 430
"../../../Engine/Content/Tutorial/ContentIntroCurve.uasset" 431
"../../../Engine/Content/Tutorial/Basics/TutorialAssets/icon_tab_Levels_40x.uasset" 432
"../../../Engine/Content/Tutorial/BlueprintTutorials/TutorialAssets/Blueprint_64x.uasset" 433
"../../../Engine/Content/VREditor/LaserPointer/VR_LaserPower_01.uasset" 434
"../../../Engine/Content/VREditor/TransformGizmo/TransformGizmoMaterial.uasset" 435
"../../../Engine/Content/VREditor/TransformGizmo/TranslucentTransformGizmoMaterial.uasset" 436
"../../../Engine/Content/VREditor/TransformGizmo/BoundingBoxCorner.uasset" 437
"../../../Engine/Content/VREditor/TransformGizmo/BoundingBoxEdge.uasset" 438
"../../../Engine/Content/VREditor/TransformGizmo/PlaneTranslationHandle.uasset" 439
"../../../Engine/Content/VREditor/TransformGizmo/Main.uasset" 440
"../../../Engine/Content/VREditor/TransformGizmo/Xray.uasset" 441
"../../../Engine/Content/VREditor/TransformGizmo/SM_Sequencer_Key.uasset" 442
"../../../Engine/Content/VREditor/TransformGizmo/SM_Sequencer_Node.uasset" 443
"../../Plugins/2D/Paper2D/Content/PlaceholderTextures/DummySpriteTexture.uasset" 444
"../../Plugins/2D/Paper2D/Content/DummySprite.uasset" 445
"../../Plugins/2D/Paper2D/Content/DefaultPaperTerrainMaterial.uasset" 446
"../../Plugins/2D/Paper2D/Content/DefaultSpriteMaterial.uasset" 447
"../../Plugins/2D/Paper2D/Content/MaskedUnlitSpriteMaterial.uasset" 448
"../../Plugins/2D/Paper2D/Content/OpaqueUnlitSpriteMaterial.uasset" 449
"../../Plugins/Runtime/Oculus/OculusVR/Content/Materials/PokeAHoleMaterial.uasset" 450
"../../Plugins/Runtime/Oculus/OculusVR/Content/Textures/GearVRController_AO.uasset" 451
"../../Plugins/Runtime/Oculus/OculusVR/Content/Textures/GearVRController_Color.uasset" 452
"../../Plugins/Runtime/Oculus/OculusVR/Content/Textures/GearVRController_Normal.uasset" 453
"../../Plugins/Runtime/Oculus/OculusVR/Content/Materials/GearVRControllerMaterial.uasset" 454
"../../Plugins/Runtime/Oculus/OculusVR/Content/Meshes/GearVrController.uasset" 455
"../../Plugins/Runtime/Oculus/OculusVR/Content/Textures/touchController_albedo.uasset" 456
"../../Plugins/Runtime/Oculus/OculusVR/Content/Textures/touchController_controlmap.uasset" 457
"../../Plugins/Runtime/Oculus/OculusVR/Content/Materials/touchController_mat.uasset" 458
"../../Plugins/Runtime/Oculus/OculusVR/Content/Meshes/LeftTouchController.uasset" 459
"../../Plugins/Runtime/Oculus/OculusVR/Content/Meshes/RiftHMD.uasset" 460
"../../Plugins/Runtime/Oculus/OculusVR/Content/Meshes/RightTouchController.uasset" 461
"../../../../../../Users/Soulstep/Documents/GitHub/Meltdown/Content/GameplayObjects/BP_RoomNameNotifier.uasset" 462
"../../../../../../Users/Soulstep/Documents/GitHub/Meltdown/Content/Maps/Level_Big_Room_BuiltData.uasset" 463
"../../../../../../Users/Soulstep/Documents/GitHub/Meltdown/Content/Art/Static_Meshes/Walls/OldBlocks/SM_Wall_Corner.uasset" 464
"../../../../../../Users/Soulstep/Documents/GitHub/Meltdown/Content/Art/Static_Meshes/Walls/OldBlocks/SM_Wall_Parallel.uasset" 465
"../../../../../../Users/Soulstep/Documents/GitHub/Meltdown/Content/Art/Static_Meshes/Walls/OldBlocks/SM_Wall_Single.uasset" 466
"../../../../../../Users/Soulstep/Documents/GitHub/Meltdown/Content/Art/Static_Meshes/Walls/OldBlocks/SM_Wall_U.uasset" 467
"../../../../../../Users/Soulstep/Documents/GitHub/Meltdown/Content/Art/Materials/Textures/Floor/T_Floor_basecolor.uasset" 468
"../../../../../../Users/Soulstep/Documents/GitHub/Meltdown/Content/Art/Materials/Textures/Floor/T_Floor_MergeMap_AO_Roughness_Metallic.uasset" 469
"../../../../../../Users/Soulstep/Documents/GitHub/Meltdown/Content/Art/Materials/Textures/Floor/T_Floor_normal.uasset" 470
"../../../../../../Users/Soulstep/Documents/GitHub/Meltdown/Content/Art/Materials/M_Floors.uasset" 471
"../../../../../../Users/Soulstep/Documents/GitHub/Meltdown/Content/Art/Static_Meshes/Walls/SM_FloorTile.uasset" 472
"../../../../../../Users/Soulstep/Documents/GitHub/Meltdown/Content/Maps/Level_Big_Room.umap" 473
"../../../../../../Users/Soulstep/Documents/GitHub/Meltdown/Content/Maps/Level_Corridors_BuiltData.uasset" 474
"../../../../../../Users/Soulstep/Documents/GitHub/Meltdown/Content/Art/Static_Meshes/Walls/SM_Straight_Wall.uasset" 475
"../../../../../../Users/Soulstep/Documents/GitHub/Meltdown/Content/Maps/Level_Corridors.umap" 476
"../../../../../../Users/Soulstep/Documents/GitHub/Meltdown/Content/Maps/Level_Hub_BuiltData.uasset" 477
"../../../../../../Users/Soulstep/Documents/GitHub/Meltdown/Content/Maps/Level_Hub.umap" 478
"../../../../../../Users/Soulstep/Documents/GitHub/Meltdown/Content/Art/Materials/Barrel/SM_Barrel_LP_DefaultMaterial_BaseColor.uasset" 479
"../../../../../../Users/Soulstep/Documents/GitHub/Meltdown/Content/Art/Materials/Barrel/SM_Barrel_LP_DefaultMaterial_Normal.uasset" 480
"../../../../../../Users/Soulstep/Documents/GitHub/Meltdown/Content/Art/Materials/Barrel/SM_Barrel_LP_DefaultMaterial_OcclusionRoughnessMetallic.uasset" 481
"../../../../../../Users/Soulstep/Documents/GitHub/Meltdown/Content/Art/Materials/M_Barrel.uasset" 482
"../../../../../../Users/Soulstep/Documents/GitHub/Meltdown/Content/Art/Static_Meshes/Barrel/SM_Barrel.uasset" 483
"../../../../../../Users/Soulstep/Documents/GitHub/Meltdown/Content/Art/Materials/Textures/Caustics/T_Caustic.uasset" 484
"../../../../../../Users/Soulstep/Documents/GitHub/Meltdown/Content/Art/Materials/M_Sludge.uasset" 485
"../../../../../../Users/Soulstep/Documents/GitHub/Meltdown/Content/Art/Static_Meshes/Barrel/SM_Sludge.uasset" 486
"../../../../../../Users/Soulstep/Documents/GitHub/Meltdown/Content/Art/Blueprint/BP_Barrel.uasset" 487
"../../../../../../Users/Soulstep/Documents/GitHub/Meltdown/Content/Art/Materials/Textures/Girder/T_Girder_BaseColor.uasset" 488
"../../../../../../Users/Soulstep/Documents/GitHub/Meltdown/Content/Art/Materials/Textures/Girder/T_Girder_Normal.uasset" 489
"../../../../../../Users/Soulstep/Documents/GitHub/Meltdown/Content/Art/Materials/Textures/Girder/T_Girder_OcclusionRoughnessMetallic.uasset" 490
"../../../../../../Users/Soulstep/Documents/GitHub/Meltdown/Content/Art/Materials/M_Girder.uasset" 491
"../../../../../../Users/Soulstep/Documents/GitHub/Meltdown/Content/Art/Static_Meshes/Girder/SM_Girder.uasset" 492
"../../../../../../Users/Soulstep/Documents/GitHub/Meltdown/Content/Art/Static_Meshes/Walkways/SM_Walkway_New.uasset" 493
"../../../../../../Users/Soulstep/Documents/GitHub/Meltdown/Content/Art/Blueprint/BP_Walkway.uasset" 494
"../../../../../../Users/Soulstep/Documents/GitHub/Meltdown/Content/Art/Static_Meshes/Walkways/SM_Walkway_Sloped.uasset" 495
"../../../../../../Users/Soulstep/Documents/GitHub/Meltdown/Content/Art/Blueprint/BP_WalkwaySloped.uasset" 496
"../../../../../../Users/Soulstep/Documents/GitHub/Meltdown/Content/Art/Static_Meshes/Girder/BP_Girder.uasset" 497
"../../../../../../Users/Soulstep/Documents/GitHub/Meltdown/Content/Maps/Level_Key_Maze_BuiltData.uasset" 498
"../../../Engine/Content/Functions/Engine_MaterialFunctions03/ComplexMotion/Motion_4WayChaos.uasset" 499
"../../../../../../Users/Soulstep/Documents/GitHub/Meltdown/Content/Art/Materials/LF_CausticsMaster.uasset" 500
"../../../../../../Users/Soulstep/Documents/GitHub/Meltdown/Content/Art/Materials/LF_Caustics_X.uasset" 501
"../../../../../../Users/Soulstep/Documents/GitHub/Meltdown/Content/Art/Materials/LF_Caustics_Y.uasset" 502
"../../../../../../Users/Soulstep/Documents/GitHub/Meltdown/Content/Art/Materials/LF_Caustics_Z.uasset" 503
"../../../../../../Users/Soulstep/Documents/GitHub/Meltdown/Content/Art/Materials/Textures/CornerGrates/T_FloorGratesCorner_BaseColour.uasset" 504
"../../../../../../Users/Soulstep/Documents/GitHub/Meltdown/Content/Art/Materials/Textures/CornerGrates/T_FloorGratesCorner_MergeMap_AO_Roughness_Metallic.uasset" 505
"../../../../../../Users/Soulstep/Documents/GitHub/Meltdown/Content/Art/Materials/Textures/CornerGrates/T_FloorGratesCorner_Normal.uasset" 506
"../../../../../../Users/Soulstep/Documents/GitHub/Meltdown/Content/Art/Materials/M_FloorGratesCorner.uasset" 507
"../../../../../../Users/Soulstep/Documents/GitHub/Meltdown/Content/Art/Materials/Textures/SidePanelGrates/T_FloorGrateSidePanel_BaseColour.uasset" 508
"../../../../../../Users/Soulstep/Documents/GitHub/Meltdown/Content/Art/Materials/Textures/SidePanelGrates/T_FloorGrateSidePanel_MergeMap_AO_Roughness_Metallic.uasset" 509
"../../../../../../Users/Soulstep/Documents/GitHub/Meltdown/Content/Art/Materials/Textures/SidePanelGrates/T_FloorGrateSidePanel_Normals.uasset" 510
"../../../../../../Users/Soulstep/Documents/GitHub/Meltdown/Content/Art/Materials/M_FloorGratesWsidePanel.uasset" 511
"../../../../../../Users/Soulstep/Documents/GitHub/Meltdown/Content/Art/Materials/Textures/PoolTiles/T_Tiles_basecolor.uasset" 512
"../../../../../../Users/Soulstep/Documents/GitHub/Meltdown/Content/Art/Materials/Textures/PoolTiles/T_Tiles_MergeMap.uasset" 513
"../../../../../../Users/Soulstep/Documents/GitHub/Meltdown/Content/Art/Materials/Textures/PoolTiles/T_Tiles_normal.uasset" 514
"../../../../../../Users/Soulstep/Documents/GitHub/Meltdown/Content/Art/Materials/M_PoolTiles.uasset" 515
"../../../../../../Users/Soulstep/Documents/GitHub/Meltdown/Content/Art/Materials/M_WaterMaster.uasset" 516
"../../../../../../Users/Soulstep/Documents/GitHub/Meltdown/Content/Art/Materials/M_Water.uasset" 517
"../../../../../../Users/Soulstep/Documents/GitHub/Meltdown/Content/Art/Materials/Textures/Pipes/T_Pipe_BaseColor.uasset" 518
"../../../../../../Users/Soulstep/Documents/GitHub/Meltdown/Content/Art/Materials/Textures/Pipes/T_Pipe_Normal.uasset" 519
"../../../../../../Users/Soulstep/Documents/GitHub/Meltdown/Content/Art/Materials/Textures/Pipes/T_Pipe_OcclusionRoughnessMetallic.uasset" 520
"../../../../../../Users/Soulstep/Documents/GitHub/Meltdown/Content/Art/Materials/M_Pipe.uasset" 521
"../../../../../../Users/Soulstep/Documents/GitHub/Meltdown/Content/Art/Materials/Textures/Pipes/T_Pipe_Bend_BaseColor.uasset" 522
"../../../../../../Users/Soulstep/Documents/GitHub/Meltdown/Content/Art/Materials/Textures/Pipes/T_Pipe_Bend_OcclusionRoughnessMetallic.uasset" 523
"../../../../../../Users/Soulstep/Documents/GitHub/Meltdown/Content/Art/Materials/M_PipeBend.uasset" 524
"../../../../../../Users/Soulstep/Documents/GitHub/Meltdown/Content/Art/Static_Meshes/Pipes/SM_Pipe_Bend.uasset" 525
"../../../../../../Users/Soulstep/Documents/GitHub/Meltdown/Content/Art/Static_Meshes/Pipes/SM_Pipe_Origin.uasset" 526
"../../../../../../Users/Soulstep/Documents/GitHub/Meltdown/Content/Art/Static_Meshes/Pipes/SM_Pipe_Straight.uasset" 527
"../../../../../../Users/Soulstep/Documents/GitHub/Meltdown/Content/Art/Static_Meshes/Railing/SM_Railing.uasset" 528
"../../../../../../Users/Soulstep/Documents/GitHub/Meltdown/Content/Art/Materials/Textures/Server_Box/T_Server_Box_BaseColor.uasset" 529
"../../../../../../Users/Soulstep/Documents/GitHub/Meltdown/Content/Art/Materials/Textures/Server_Box/T_Server_Box_Normal.uasset" 530
"../../../../../../Users/Soulstep/Documents/GitHub/Meltdown/Content/Art/Materials/Textures/Server_Box/T_Server_Box_OcclusionRoughnessMetallic.uasset" 531
"../../../../../../Users/Soulstep/Documents/GitHub/Meltdown/Content/Art/Materials/M_ServerBox.uasset" 532
"../../../../../../Users/Soulstep/Documents/GitHub/Meltdown/Content/Art/Static_Meshes/Server_Box/SM_Server_Box.uasset" 533
"../../../../../../Users/Soulstep/Documents/GitHub/Meltdown/Content/Art/Static_Meshes/Walls/SM_L_Wall.uasset" 534
"../../../../../../Users/Soulstep/Documents/GitHub/Meltdown/Content/Art/Static_Meshes/Walls/SM_Pool_Floor.uasset" 535
"../../../../../../Users/Soulstep/Documents/GitHub/Meltdown/Content/Art/Static_Meshes/Walls/SM_Pool_Wall.uasset" 536
"../../../../../../Users/Soulstep/Documents/GitHub/Meltdown/Content/Art/Static_Meshes/Walls/SM_T_Wall.uasset" 537
"../../../../../../Users/Soulstep/Documents/GitHub/Meltdown/Content/UI/MiniMap/MiniMapRenderTarget2D.uasset" 538
"../../../../../../Users/Soulstep/Documents/GitHub/Meltdown/Content/Maps/Level_Key_Maze.umap" 539
"../../../../../../Users/Soulstep/Documents/GitHub/Meltdown/Content/Maps/Level_Maintainence_Shaft_1F_BuiltData.uasset" 540
"../../../Engine/Content/BasicShapes/Cube.uasset" 541
"../../../Engine/Content/BasicShapes/Cylinder.uasset" 542
"../../../../../../Users/Soulstep/Documents/GitHub/Meltdown/Content/Maps/Level_Maintainence_Shaft_1F.umap" 543
"../../../../../../Users/Soulstep/Documents/GitHub/Meltdown/Content/Maps/Level_Maintainence_Shaft_2F_BuiltData.uasset" 544
"../../../../../../Users/Soulstep/Documents/GitHub/Meltdown/Content/Maps/Level_Maintainence_Shaft_2F.umap" 545
"../../../../../../Users/Soulstep/Documents/GitHub/Meltdown/Content/Maps/Level_Maintainence_Shaft_3F_BuiltData.uasset" 546
"../../../../../../Users/Soulstep/Documents/GitHub/Meltdown/Content/Maps/Level_Maintainence_Shaft_3F.umap" 547
"../../../../../../Users/Soulstep/Documents/GitHub/Meltdown/Content/Maps/Level_Maintainence_Shaft_GF_BuiltData.uasset" 548
"../../../../../../Users/Soulstep/Documents/GitHub/Meltdown/Content/Maps/Level_Maintainence_Shaft_GF.umap" 549
"../../../../../../Users/Soulstep/Documents/GitHub/Meltdown/Content/Maps/Level_Menu_BuiltData.uasset" 550
"../../../Engine/Content/BasicShapes/Sphere.uasset" 551
"../../../../../../Users/Soulstep/Documents/GitHub/Meltdown/Content/Maps/Level_Menu.umap" 552
"../../../../../../Users/Soulstep/Documents/GitHub/Meltdown/Content/Sounds/S_Siren.uasset" 553
"../../../../../../Users/Soulstep/Documents/GitHub/Meltdown/Content/GameplayObjects/BP_Siren.uasset" 554
"../../../../../../Users/Soulstep/Documents/GitHub/Meltdown/Content/Art/Blueprint/BP_Doors_NonInteractable.uasset" 555
"../../../../../../Users/Soulstep/Documents/GitHub/Meltdown/Content/Art/IES/Vee.uasset" 556
"../../../../../../Users/Soulstep/Documents/GitHub/Meltdown/Content/Art/Materials/EmergencyLight/M_Elight_Plastic.uasset" 557
"../../../../../../Users/Soulstep/Documents/GitHub/Meltdown/Content/Art/Static_Meshes/EmergencyLight/SM_Elight_Base.uasset" 558
"../../../../../../Users/Soulstep/Documents/GitHub/Meltdown/Content/Art/Materials/EmergencyLight/M_Elight_Glass.uasset" 559
"../../../../../../Users/Soulstep/Documents/GitHub/Meltdown/Content/Art/Static_Meshes/EmergencyLight/SM_Elight_Glass.uasset" 560
"../../../../../../Users/Soulstep/Documents/GitHub/Meltdown/Content/Art/Static_Meshes/EmergencyLight/SM_Elight_Rotater.uasset" 561
"../../../../../../Users/Soulstep/Documents/GitHub/Meltdown/Content/Art/Blueprint/BP_EmergencyLight.uasset" 562
"../../../../../../Users/Soulstep/Documents/GitHub/Meltdown/Content/Art/Materials/Textures/Screen/T_LinesAlpha.uasset" 563
"../../../../../../Users/Soulstep/Documents/GitHub/Meltdown/Content/Art/Materials/Textures/Screen/T_ScreenGlow.uasset" 564
"../../../../../../Users/Soulstep/Documents/GitHub/Meltdown/Content/Art/Materials/Textures/Screen/T_TextAlpha.uasset" 565
"../../../../../../Users/Soulstep/Documents/GitHub/Meltdown/Content/Art/Materials/M_Screen.uasset" 566
"../../../../../../Users/Soulstep/Documents/GitHub/Meltdown/Content/Art/Materials/Textures/OldComputer/T_Old_Computer_Plastic_BaseColor.uasset" 567
"../../../../../../Users/Soulstep/Documents/GitHub/Meltdown/Content/Art/Materials/Textures/OldComputer/T_Old_Computer_Plastic_Normal.uasset" 568
"../../../../../../Users/Soulstep/Documents/GitHub/Meltdown/Content/Art/Materials/Textures/OldComputer/T_Old_Computer_Plastic_OcclusionRoughnessMetallic.uasset" 569
"../../../../../../Users/Soulstep/Documents/GitHub/Meltdown/Content/Art/Materials/M_OldComputer.uasset" 570
"../../../../../../Users/Soulstep/Documents/GitHub/Meltdown/Content/Art/Static_Meshes/OldComputer/SM_Old_Computer.uasset" 571
"../../../../../../Users/Soulstep/Documents/GitHub/Meltdown/Content/Art/Blueprint/BP_OldComputer.uasset" 572
"../../../../../../Users/Soulstep/Documents/GitHub/Meltdown/Content/Art/Materials/M_MasterMaterial_PBRDecal.uasset" 573
"../../../../../../Users/Soulstep/Documents/GitHub/Meltdown/Content/Art/Materials/Cut_Cables/T_Cut_Cables_colour.uasset" 574
"../../../../../../Users/Soulstep/Documents/GitHub/Meltdown/Content/Art/Materials/Cut_Cables/T_Cut_Cables_merge.uasset" 575
"../../../../../../Users/Soulstep/Documents/GitHub/Meltdown/Content/Art/Materials/Cut_Cables/T_Cut_Cables_normals.uasset" 576
"../../../../../../Users/Soulstep/Documents/GitHub/Meltdown/Content/Art/Materials/M_Cut_Cables.uasset" 577
"../../../../../../Users/Soulstep/Documents/GitHub/Meltdown/Content/Art/Static_Meshes/Cut_Cables/T_Cut_Cables_Decal_1.uasset" 578
"../../../../../../Users/Soulstep/Documents/GitHub/Meltdown/Content/Particles/T_Spark_Core.uasset" 579
"../../../../../../Users/Soulstep/Documents/GitHub/Meltdown/Content/Particles/M_Spark.uasset" 580
"../../../../../../Users/Soulstep/Documents/GitHub/Meltdown/Content/Particles/FloorLightning.uasset" 581
"../../../../../../Users/Soulstep/Documents/GitHub/Meltdown/Content/Art/Blueprint/ZappyWater.uasset" 582
"../../../../../../Users/Soulstep/Documents/GitHub/Meltdown/Content/Particles/P_Sparks.uasset" 583
"../../../../../../Users/Soulstep/Documents/GitHub/Meltdown/Content/Particles/BP_Sparks.uasset" 584
"../../../../../../Users/Soulstep/Documents/GitHub/Meltdown/Content/Particles/P_SparksBurst.uasset" 585
"../../../../../../Users/Soulstep/Documents/GitHub/Meltdown/Content/Particles/BP_SparksBurst.uasset" 586
"../../../../../../Users/Soulstep/Documents/GitHub/Meltdown/Content/UI/IngameUI/WBP_WarningFloorGraphic.uasset" 587
"../../../../../../Users/Soulstep/Documents/GitHub/Meltdown/Content/UI/UI_DigeticObjects/InWorldTextUI.uasset" 588
"../../../../../../Users/Soulstep/Documents/GitHub/Meltdown/Content/UI/IngameUI/WBP_Logo.uasset" 589
"../../../../../../Users/Soulstep/Documents/GitHub/Meltdown/Content/UI/UI_DigeticObjects/Logo.uasset" 590
"../../../../../../Users/Soulstep/Documents/GitHub/Meltdown/Content/Maps/Level_Persistant_BuiltData.uasset" 591
"../../../../../../Users/Soulstep/Documents/GitHub/Meltdown/Content/Art/Materials/ImportedPuddle/Masks/Puddlemap2.uasset" 592
"../../../../../../Users/Soulstep/Documents/GitHub/Meltdown/Content/Art/Materials/ImportedPuddle/M_YamaloPuddle_Inst2.uasset" 593
"../../../../../../Users/Soulstep/Documents/GitHub/Meltdown/Content/Art/Materials/ImportedPuddle/Masks/Puddlemap5.uasset" 594
"../../../../../../Users/Soulstep/Documents/GitHub/Meltdown/Content/Art/Materials/ImportedPuddle/M_YamaloPuddle_Inst5.uasset" 595
"../../../../../../Users/Soulstep/Documents/GitHub/Meltdown/Content/Art/Materials/ImportedPuddle/Masks/Puddlemap6.uasset" 596
"../../../../../../Users/Soulstep/Documents/GitHub/Meltdown/Content/Art/Materials/ImportedPuddle/M_YamaloPuddle_Inst6.uasset" 597
"../../../../../../Users/Soulstep/Documents/GitHub/Meltdown/Content/Art/Materials/ImportedPuddle/Masks/Puddlemap7.uasset" 598
"../../../../../../Users/Soulstep/Documents/GitHub/Meltdown/Content/Art/Materials/ImportedPuddle/M_YamaloPuddle_Inst7.uasset" 599
"../../../../../../Users/Soulstep/Documents/GitHub/Meltdown/Content/Art/Materials/Markings/M_Marker_Master.uasset" 600
"../../../../../../Users/Soulstep/Documents/GitHub/Meltdown/Content/Art/Materials/Markings/T_Markers_Mask_1.uasset" 601
"../../../../../../Users/Soulstep/Documents/GitHub/Meltdown/Content/Art/Materials/Markings/M_Marker_1.uasset" 602
"../../../../../../Users/Soulstep/Documents/GitHub/Meltdown/Content/Art/Materials/Markings/T_Markers_Mask_2.uasset" 603
"../../../../../../Users/Soulstep/Documents/GitHub/Meltdown/Content/Art/Materials/Markings/M_Marker_2.uasset" 604
"../../../../../../Users/Soulstep/Documents/GitHub/Meltdown/Content/Art/Materials/Markings/T_Markers_Mask_3.uasset" 605
"../../../../../../Users/Soulstep/Documents/GitHub/Meltdown/Content/Art/Materials/Markings/M_Marker_3.uasset" 606
"../../../Engine/Content/EditorMeshes/Camera/SM_RailRig_Track.uasset" 607
"../../../../../../Users/Soulstep/Documents/GitHub/Meltdown/Content/Art/Materials/Textures/Bench/T_Bench_BaseColour.uasset" 608
"../../../../../../Users/Soulstep/Documents/GitHub/Meltdown/Content/Art/Materials/Textures/Bench/T_Bench_MergeMap.uasset" 609
"../../../../../../Users/Soulstep/Documents/GitHub/Meltdown/Content/Art/Materials/Textures/Bench/T_Bench_Normals.uasset" 610
"../../../../../../Users/Soulstep/Documents/GitHub/Meltdown/Content/Art/Materials/M_Bench.uasset" 611
"../../../../../../Users/Soulstep/Documents/GitHub/Meltdown/Content/Art/Static_Meshes/Bench/SM_Bench.uasset" 612
"../../../../../../Users/Soulstep/Documents/GitHub/Meltdown/Content/Art/Materials/Textures/Bin/T_Bin_BaseColour.uasset" 613
"../../../../../../Users/Soulstep/Documents/GitHub/Meltdown/Content/Art/Materials/Textures/Bin/T_Bin_MargeMap.uasset" 614
"../../../../../../Users/Soulstep/Documents/GitHub/Meltdown/Content/Art/Materials/Textures/Bin/T_Bin_Normals.uasset" 615
"../../../../../../Users/Soulstep/Documents/GitHub/Meltdown/Content/Art/Materials/M_Bin.uasset" 616
"../../../../../../Users/Soulstep/Documents/GitHub/Meltdown/Content/Art/Static_Meshes/Bin/SM_Bin.uasset" 617
"../../../../../../Users/Soulstep/Documents/GitHub/Meltdown/Content/Art/Materials/Textures/CCTVCamera/T_CCTVCamera_Default_BaseColor.uasset" 618
"../../../../../../Users/Soulstep/Documents/GitHub/Meltdown/Content/Art/Materials/Textures/CCTVCamera/T_CCTVCamera_Default_MergeMap.uasset" 619
"../../../../../../Users/Soulstep/Documents/GitHub/Meltdown/Content/Art/Materials/Textures/CCTVCamera/T_CCTVCamera_Default_Normal.uasset" 620
"../../../../../../Users/Soulstep/Documents/GitHub/Meltdown/Content/Art/Materials/M_CCTVCamera.uasset" 621
"../../../../../../Users/Soulstep/Documents/GitHub/Meltdown/Content/Art/Static_Meshes/CCTVCamera/SM_CCTVCameraLeft.uasset" 622
"../../../../../../Users/Soulstep/Documents/GitHub/Meltdown/Content/Art/Static_Meshes/CCTVCamera/SM_CCTVCameraRight.uasset" 623
"../../../../../../Users/Soulstep/Documents/GitHub/Meltdown/Content/Art/Materials/Textures/Clipboard/T_Clipboard_BaseColor.uasset" 624
"../../../../../../Users/Soulstep/Documents/GitHub/Meltdown/Content/Art/Materials/Textures/Clipboard/T_Clipboard_MergeMap.uasset" 625
"../../../../../../Users/Soulstep/Documents/GitHub/Meltdown/Content/Art/Materials/Textures/Clipboard/T_Clipboard_Normal.uasset" 626
"../../../../../../Users/Soulstep/Documents/GitHub/Meltdown/Content/Art/Materials/M_Clipboard.uasset" 627
"../../../../../../Users/Soulstep/Documents/GitHub/Meltdown/Content/Art/Static_Meshes/Clipboard/SM_Clipboard.uasset" 628
"../../../../../../Users/Soulstep/Documents/GitHub/Meltdown/Content/Art/Static_Meshes/Cut_Cables/T_Cut_Cables_Decal_2.uasset" 629
"../../../../../../Users/Soulstep/Documents/GitHub/Meltdown/Content/Art/Static_Meshes/Cut_Cables/T_Cut_Cables_Decal_3.uasset" 630
"../../../../../../Users/Soulstep/Documents/GitHub/Meltdown/Content/Art/Materials/Textures/OfficeChair/T_OfficeChair_BaseColor.uasset" 631
"../../../../../../Users/Soulstep/Documents/GitHub/Meltdown/Content/Art/Materials/Textures/OfficeChair/T_OfficeChair_MergeMap.uasset" 632
"../../../../../../Users/Soulstep/Documents/GitHub/Meltdown/Content/Art/Materials/Textures/OfficeChair/T_OfficeChair_Normal.uasset" 633
"../../../../../../Users/Soulstep/Documents/GitHub/Meltdown/Content/Art/Materials/M_OfficeChair.uasset" 634
"../../../../../../Users/Soulstep/Documents/GitHub/Meltdown/Content/Art/Static_Meshes/OfficeChair/SM_OfficeChair.uasset" 635
"../../../../../../Users/Soulstep/Documents/GitHub/Meltdown/Content/Art/Materials/Textures/OfficeDesk/T_OfficeDesk_BaseColor.uasset" 636
"../../../../../../Users/Soulstep/Documents/GitHub/Meltdown/Content/Art/Materials/Textures/OfficeDesk/T_OfficeDesk_Normal.uasset" 637
"../../../../../../Users/Soulstep/Documents/GitHub/Meltdown/Content/Art/Materials/Textures/OfficeDesk/T_OfficeDesk_OcclusionRoughnessMetallic.uasset" 638
"../../../../../../Users/Soulstep/Documents/GitHub/Meltdown/Content/Art/Materials/M_OfficeDesk.uasset" 639
"../../../../../../Users/Soulstep/Documents/GitHub/Meltdown/Content/Art/Static_Meshes/OfficeDesk/SM_OfficeDesk.uasset" 640
"../../../../../../Users/Soulstep/Documents/GitHub/Meltdown/Content/Sounds/S_AmbientMusic.uasset" 641
"../../../../../../Users/Soulstep/Documents/GitHub/Meltdown/Content/Maps/Level_Persistant.umap" 642
"../../../Engine/Content/Maps/Entry_BuiltData.uasset" 643
"../../../Engine/Content/Maps/Entry.umap" 644
